This file contains any messages produced by compilers while
running configure, to aid debugging if configure makes a mistake.

It was created by Rcplex configure 0.3.2, which was
generated by GNU Autoconf 2.59.  Invocation command line was

  $ ./configure --with-cplex-dir=/opt/ibm/ILOG/CPLEX_Studio201/cplex

## --------- ##
## Platform. ##
## --------- ##

hostname = Marc-Surface
uname -m = x86_64
uname -r = 5.10.16.3-microsoft-standard-WSL2
uname -s = Linux
uname -v = #1 SMP Fri Apr 2 22:23:49 UTC 2021

/usr/bin/uname -p = x86_64
/bin/uname -X     = unknown

/bin/arch              = x86_64
/usr/bin/arch -k       = unknown
/usr/convex/getsysinfo = unknown
hostinfo               = unknown
/bin/machine           = unknown
/usr/bin/oslevel       = unknown
/bin/universe          = unknown

PATH: /usr/local/sbin
PATH: /usr/local/bin
PATH: /usr/sbin
PATH: /usr/bin
PATH: /sbin
PATH: /bin
PATH: /usr/games
PATH: /usr/local/games
PATH: /mnt/c/Program Files/R/R-4.1.1/bin/x64
PATH: /mnt/c/Program Files (x86)/Common Files/Oracle/Java/javapath
PATH: /mnt/c/WINDOWS/system32
PATH: /mnt/c/WINDOWS
PATH: /mnt/c/WINDOWS/System32/Wbem
PATH: /mnt/c/WINDOWS/System32/WindowsPowerShell/v1.0/
PATH: /mnt/c/WINDOWS/System32/OpenSSH/
PATH: /mnt/c/Program Files/dotnet/
PATH: /mnt/c/Program Files/Git/cmd
PATH: /mnt/c/Program Files/Calibre2/
PATH: /mnt/c/Program Files (x86)/gsudo/
PATH: /mnt/c/Program Files/Inkscape/bin
PATH: /mnt/c/ProgramData/chocolatey/bin
PATH: /mnt/c/Program Files/R/R-4.1.1/bin/x64
PATH: /mnt/c/Users/marc_/AppData/Local/Microsoft/WindowsApps
PATH: /mnt/c/Users/marc_/AppData/Local/Programs/Microsoft VS Code/bin
PATH: /mnt/c/Users/marc_/AppData/Roaming/TinyTeX/bin/win32
PATH: /mnt/c/Users/marc_/AppData/Local/Pandoc/
PATH: /snap/bin


## ----------- ##
## Core tests. ##
## ----------- ##

configure:1508: checking for gawk
configure:1524: found /usr/bin/gawk
configure:1534: result: gawk
configure:1629: checking for gcc
configure:1655: result: gcc -std=gnu99
configure:1899: checking for C compiler version
configure:1902: gcc -std=gnu99 --version </dev/null >&5
gcc (Ubuntu 9.3.0-17ubuntu1~20.04) 9.3.0
Copyright (C) 2019 Free Software Foundation, Inc.
This is free software; see the source for copying conditions.  There is NO
warranty; not even for MERCHANTABILITY or FITNESS FOR A PARTICULAR PURPOSE.

configure:1905: $? = 0
configure:1907: gcc -std=gnu99 -v </dev/null >&5
Using built-in specs.
COLLECT_GCC=gcc
COLLECT_LTO_WRAPPER=/usr/lib/gcc/x86_64-linux-gnu/9/lto-wrapper
OFFLOAD_TARGET_NAMES=nvptx-none:hsa
OFFLOAD_TARGET_DEFAULT=1
Target: x86_64-linux-gnu
Configured with: ../src/configure -v --with-pkgversion='Ubuntu 9.3.0-17ubuntu1~20.04' --with-bugurl=file:///usr/share/doc/gcc-9/README.Bugs --enable-languages=c,ada,c++,go,brig,d,fortran,objc,obj-c++,gm2 --prefix=/usr --with-gcc-major-version-only --program-suffix=-9 --program-prefix=x86_64-linux-gnu- --enable-shared --enable-linker-build-id --libexecdir=/usr/lib --without-included-gettext --enable-threads=posix --libdir=/usr/lib --enable-nls --enable-clocale=gnu --enable-libstdcxx-debug --enable-libstdcxx-time=yes --with-default-libstdcxx-abi=new --enable-gnu-unique-object --disable-vtable-verify --enable-plugin --enable-default-pie --with-system-zlib --with-target-system-zlib=auto --enable-objc-gc=auto --enable-multiarch --disable-werror --with-arch-32=i686 --with-abi=m64 --with-multilib-list=m32,m64,mx32 --enable-multilib --with-tune=generic --enable-offload-targets=nvptx-none=/build/gcc-9-HskZEa/gcc-9-9.3.0/debian/tmp-nvptx/usr,hsa --without-cuda-driver --enable-checking=release --build=x86_64-linux-gnu --host=x86_64-linux-gnu --target=x86_64-linux-gnu
Thread model: posix
gcc version 9.3.0 (Ubuntu 9.3.0-17ubuntu1~20.04) 
configure:1910: $? = 0
configure:1912: gcc -std=gnu99 -V </dev/null >&5
gcc: error: unrecognized command line option '-V'
gcc: fatal error: no input files
compilation terminated.
configure:1915: $? = 1
configure:1938: checking for C compiler default output file name
configure:1941: gcc -std=gnu99 -g -O2 -fdebug-prefix-map=/build/r-base-QwogzP/r-base-4.1.1=. -fstack-protector-strong -Wformat -Werror=format-security -Wdate-time -D_FORTIFY_SOURCE=2 -g   conftest.c  >&5
configure:1944: $? = 0
configure:1990: result: a.out
configure:1995: checking whether the C compiler works
configure:2001: ./a.out
configure:2004: $? = 0
configure:2021: result: yes
configure:2028: checking whether we are cross compiling
configure:2030: result: no
configure:2033: checking for suffix of executables
configure:2035: gcc -std=gnu99 -o conftest -g -O2 -fdebug-prefix-map=/build/r-base-QwogzP/r-base-4.1.1=. -fstack-protector-strong -Wformat -Werror=format-security -Wdate-time -D_FORTIFY_SOURCE=2 -g   conftest.c  >&5
configure:2038: $? = 0
configure:2063: result: 
configure:2069: checking for suffix of object files
configure:2090: gcc -std=gnu99 -c -g -O2 -fdebug-prefix-map=/build/r-base-QwogzP/r-base-4.1.1=. -fstack-protector-strong -Wformat -Werror=format-security -Wdate-time -D_FORTIFY_SOURCE=2 -g  conftest.c >&5
configure:2093: $? = 0
configure:2115: result: o
configure:2119: checking whether we are using the GNU C compiler
configure:2143: gcc -std=gnu99 -c -g -O2 -fdebug-prefix-map=/build/r-base-QwogzP/r-base-4.1.1=. -fstack-protector-strong -Wformat -Werror=format-security -Wdate-time -D_FORTIFY_SOURCE=2 -g  conftest.c >&5
configure:2149: $? = 0
configure:2153: test -z 
			 || test ! -s conftest.err
configure:2156: $? = 0
configure:2159: test -s conftest.o
configure:2162: $? = 0
configure:2175: result: yes
configure:2181: checking whether gcc -std=gnu99 accepts -g
configure:2202: gcc -std=gnu99 -c -g  conftest.c >&5
configure:2208: $? = 0
configure:2212: test -z 
			 || test ! -s conftest.err
configure:2215: $? = 0
configure:2218: test -s conftest.o
configure:2221: $? = 0
configure:2232: result: yes
configure:2249: checking for gcc -std=gnu99 option to accept ANSI C
configure:2319: gcc -std=gnu99  -c -g -O2 -fdebug-prefix-map=/build/r-base-QwogzP/r-base-4.1.1=. -fstack-protector-strong -Wformat -Werror=format-security -Wdate-time -D_FORTIFY_SOURCE=2 -g  conftest.c >&5
configure:2325: $? = 0
configure:2329: test -z 
			 || test ! -s conftest.err
configure:2332: $? = 0
configure:2335: test -s conftest.o
configure:2338: $? = 0
configure:2356: result: none needed
configure:2374: gcc -std=gnu99 -c -g -O2 -fdebug-prefix-map=/build/r-base-QwogzP/r-base-4.1.1=. -fstack-protector-strong -Wformat -Werror=format-security -Wdate-time -D_FORTIFY_SOURCE=2 -g  conftest.c >&5
conftest.c:2:3: error: unknown type name 'choke'
    2 |   choke me
      |   ^~~~~
conftest.c:2:3: error: expected '=', ',', ';', 'asm' or '__attribute__' at end of input
configure:2380: $? = 1
configure: failed program was:
| #ifndef __cplusplus
|   choke me
| #endif
configure:2518: checking how to run the C preprocessor
configure:2553: gcc -std=gnu99 -E  conftest.c
configure:2559: $? = 0
configure:2591: gcc -std=gnu99 -E  conftest.c
conftest.c:9:10: fatal error: ac_nonexistent.h: No such file or directory
    9 | #include <ac_nonexistent.h>
      |          ^~~~~~~~~~~~~~~~~~
compilation terminated.
configure:2597: $? = 1
configure: failed program was:
| /* confdefs.h.  */
| 
| #define PACKAGE_NAME "Rcplex"
| #define PACKAGE_TARNAME "rcplex"
| #define PACKAGE_VERSION "0.3.2"
| #define PACKAGE_STRING "Rcplex 0.3.2"
| #define PACKAGE_BUGREPORT ""
| /* end confdefs.h.  */
| #include <ac_nonexistent.h>
configure:2636: result: gcc -std=gnu99 -E
configure:2660: gcc -std=gnu99 -E  conftest.c
configure:2666: $? = 0
configure:2698: gcc -std=gnu99 -E  conftest.c
conftest.c:9:10: fatal error: ac_nonexistent.h: No such file or directory
    9 | #include <ac_nonexistent.h>
      |          ^~~~~~~~~~~~~~~~~~
compilation terminated.
configure:2704: $? = 1
configure: failed program was:
| /* confdefs.h.  */
| 
| #define PACKAGE_NAME "Rcplex"
| #define PACKAGE_TARNAME "rcplex"
| #define PACKAGE_VERSION "0.3.2"
| #define PACKAGE_STRING "Rcplex 0.3.2"
| #define PACKAGE_BUGREPORT ""
| /* end confdefs.h.  */
| #include <ac_nonexistent.h>
configure:2754: checking for egrep
configure:2764: result: grep -E
configure:2769: checking for ANSI C header files
configure:2794: gcc -std=gnu99 -c -g -O2 -fdebug-prefix-map=/build/r-base-QwogzP/r-base-4.1.1=. -fstack-protector-strong -Wformat -Werror=format-security -Wdate-time -D_FORTIFY_SOURCE=2 -g -m64 -fPIC  -I/opt/ibm/ILOG/CPLEX_Studio201/cplex/include conftest.c >&5
configure:2800: $? = 0
configure:2804: test -z 
			 || test ! -s conftest.err
configure:2807: $? = 0
configure:2810: test -s conftest.o
configure:2813: $? = 0
configure:2902: gcc -std=gnu99 -o conftest -g -O2 -fdebug-prefix-map=/build/r-base-QwogzP/r-base-4.1.1=. -fstack-protector-strong -Wformat -Werror=format-security -Wdate-time -D_FORTIFY_SOURCE=2 -g -m64 -fPIC  -I/opt/ibm/ILOG/CPLEX_Studio201/cplex/include  conftest.c -L/opt/ibm/ILOG/CPLEX_Studio201/cplex/lib/x86-64_linux/static_pic -lcplex -lm -lpthread -ldl >&5
conftest.c: In function 'main':
conftest.c:26:7: warning: implicit declaration of function 'exit' [-Wimplicit-function-declaration]
   26 |       exit(2);
      |       ^~~~
conftest.c:26:7: warning: incompatible implicit declaration of built-in function 'exit'
conftest.c:10:1: note: include '<stdlib.h>' or provide a declaration of 'exit'
    9 | #include <ctype.h>
  +++ |+#include <stdlib.h>
   10 | #if ((' ' & 0x0FF) == 0x020)
conftest.c:27:3: warning: incompatible implicit declaration of built-in function 'exit'
   27 |   exit (0);
      |   ^~~~
conftest.c:27:3: note: include '<stdlib.h>' or provide a declaration of 'exit'
configure:2905: $? = 0
configure:2907: ./conftest
configure:2910: $? = 0
configure:2925: result: yes
configure:2949: checking for sys/types.h
configure:2965: gcc -std=gnu99 -c -g -O2 -fdebug-prefix-map=/build/r-base-QwogzP/r-base-4.1.1=. -fstack-protector-strong -Wformat -Werror=format-security -Wdate-time -D_FORTIFY_SOURCE=2 -g -m64 -fPIC  -I/opt/ibm/ILOG/CPLEX_Studio201/cplex/include conftest.c >&5
configure:2971: $? = 0
configure:2975: test -z 
			 || test ! -s conftest.err
configure:2978: $? = 0
configure:2981: test -s conftest.o
configure:2984: $? = 0
configure:2995: result: yes
configure:2949: checking for sys/stat.h
configure:2965: gcc -std=gnu99 -c -g -O2 -fdebug-prefix-map=/build/r-base-QwogzP/r-base-4.1.1=. -fstack-protector-strong -Wformat -Werror=format-security -Wdate-time -D_FORTIFY_SOURCE=2 -g -m64 -fPIC  -I/opt/ibm/ILOG/CPLEX_Studio201/cplex/include conftest.c >&5
configure:2971: $? = 0
configure:2975: test -z 
			 || test ! -s conftest.err
configure:2978: $? = 0
configure:2981: test -s conftest.o
configure:2984: $? = 0
configure:2995: result: yes
configure:2949: checking for stdlib.h
configure:2965: gcc -std=gnu99 -c -g -O2 -fdebug-prefix-map=/build/r-base-QwogzP/r-base-4.1.1=. -fstack-protector-strong -Wformat -Werror=format-security -Wdate-time -D_FORTIFY_SOURCE=2 -g -m64 -fPIC  -I/opt/ibm/ILOG/CPLEX_Studio201/cplex/include conftest.c >&5
configure:2971: $? = 0
configure:2975: test -z 
			 || test ! -s conftest.err
configure:2978: $? = 0
configure:2981: test -s conftest.o
configure:2984: $? = 0
configure:2995: result: yes
configure:2949: checking for string.h
configure:2965: gcc -std=gnu99 -c -g -O2 -fdebug-prefix-map=/build/r-base-QwogzP/r-base-4.1.1=. -fstack-protector-strong -Wformat -Werror=format-security -Wdate-time -D_FORTIFY_SOURCE=2 -g -m64 -fPIC  -I/opt/ibm/ILOG/CPLEX_Studio201/cplex/include conftest.c >&5
configure:2971: $? = 0
configure:2975: test -z 
			 || test ! -s conftest.err
configure:2978: $? = 0
configure:2981: test -s conftest.o
configure:2984: $? = 0
configure:2995: result: yes
configure:2949: checking for memory.h
configure:2965: gcc -std=gnu99 -c -g -O2 -fdebug-prefix-map=/build/r-base-QwogzP/r-base-4.1.1=. -fstack-protector-strong -Wformat -Werror=format-security -Wdate-time -D_FORTIFY_SOURCE=2 -g -m64 -fPIC  -I/opt/ibm/ILOG/CPLEX_Studio201/cplex/include conftest.c >&5
configure:2971: $? = 0
configure:2975: test -z 
			 || test ! -s conftest.err
configure:2978: $? = 0
configure:2981: test -s conftest.o
configure:2984: $? = 0
configure:2995: result: yes
configure:2949: checking for strings.h
configure:2965: gcc -std=gnu99 -c -g -O2 -fdebug-prefix-map=/build/r-base-QwogzP/r-base-4.1.1=. -fstack-protector-strong -Wformat -Werror=format-security -Wdate-time -D_FORTIFY_SOURCE=2 -g -m64 -fPIC  -I/opt/ibm/ILOG/CPLEX_Studio201/cplex/include conftest.c >&5
configure:2971: $? = 0
configure:2975: test -z 
			 || test ! -s conftest.err
configure:2978: $? = 0
configure:2981: test -s conftest.o
configure:2984: $? = 0
configure:2995: result: yes
configure:2949: checking for inttypes.h
configure:2965: gcc -std=gnu99 -c -g -O2 -fdebug-prefix-map=/build/r-base-QwogzP/r-base-4.1.1=. -fstack-protector-strong -Wformat -Werror=format-security -Wdate-time -D_FORTIFY_SOURCE=2 -g -m64 -fPIC  -I/opt/ibm/ILOG/CPLEX_Studio201/cplex/include conftest.c >&5
configure:2971: $? = 0
configure:2975: test -z 
			 || test ! -s conftest.err
configure:2978: $? = 0
configure:2981: test -s conftest.o
configure:2984: $? = 0
configure:2995: result: yes
configure:2949: checking for stdint.h
configure:2965: gcc -std=gnu99 -c -g -O2 -fdebug-prefix-map=/build/r-base-QwogzP/r-base-4.1.1=. -fstack-protector-strong -Wformat -Werror=format-security -Wdate-time -D_FORTIFY_SOURCE=2 -g -m64 -fPIC  -I/opt/ibm/ILOG/CPLEX_Studio201/cplex/include conftest.c >&5
configure:2971: $? = 0
configure:2975: test -z 
			 || test ! -s conftest.err
configure:2978: $? = 0
configure:2981: test -s conftest.o
configure:2984: $? = 0
configure:2995: result: yes
configure:2949: checking for unistd.h
configure:2965: gcc -std=gnu99 -c -g -O2 -fdebug-prefix-map=/build/r-base-QwogzP/r-base-4.1.1=. -fstack-protector-strong -Wformat -Werror=format-security -Wdate-time -D_FORTIFY_SOURCE=2 -g -m64 -fPIC  -I/opt/ibm/ILOG/CPLEX_Studio201/cplex/include conftest.c >&5
configure:2971: $? = 0
configure:2975: test -z 
			 || test ! -s conftest.err
configure:2978: $? = 0
configure:2981: test -s conftest.o
configure:2984: $? = 0
configure:2995: result: yes
configure:3017: checking ilcplex/cplex.h usability
configure:3029: gcc -std=gnu99 -c -g -O2 -fdebug-prefix-map=/build/r-base-QwogzP/r-base-4.1.1=. -fstack-protector-strong -Wformat -Werror=format-security -Wdate-time -D_FORTIFY_SOURCE=2 -g -m64 -fPIC  -I/opt/ibm/ILOG/CPLEX_Studio201/cplex/include conftest.c >&5
configure:3035: $? = 0
configure:3039: test -z 
			 || test ! -s conftest.err
configure:3042: $? = 0
configure:3045: test -s conftest.o
configure:3048: $? = 0
configure:3058: result: yes
configure:3062: checking ilcplex/cplex.h presence
configure:3072: gcc -std=gnu99 -E  -I/opt/ibm/ILOG/CPLEX_Studio201/cplex/include conftest.c
configure:3078: $? = 0
configure:3098: result: yes
configure:3133: checking for ilcplex/cplex.h
configure:3140: result: yes
configure:3152: checking for library containing CPXversion
configure:3182: gcc -std=gnu99 -o conftest -g -O2 -fdebug-prefix-map=/build/r-base-QwogzP/r-base-4.1.1=. -fstack-protector-strong -Wformat -Werror=format-security -Wdate-time -D_FORTIFY_SOURCE=2 -g -m64 -fPIC  -I/opt/ibm/ILOG/CPLEX_Studio201/cplex/include  conftest.c -L/opt/ibm/ILOG/CPLEX_Studio201/cplex/lib/x86-64_linux/static_pic -lcplex -lm -lpthread -ldl >&5
configure:3188: $? = 0
configure:3192: test -z 
			 || test ! -s conftest.err
configure:3195: $? = 0
configure:3198: test -s conftest
configure:3201: $? = 0
configure:3271: result: none required
configure:3413: creating ./config.status

## ---------------------- ##
## Running config.status. ##
## ---------------------- ##

This file was extended by Rcplex config.status 0.3.2, which was
generated by GNU Autoconf 2.59.  Invocation command line was

  CONFIG_FILES    = 
  CONFIG_HEADERS  = 
  CONFIG_LINKS    = 
  CONFIG_COMMANDS = 
  $ ./config.status 

on Marc-Surface

config.status:624: creating src/Makevars

## ---------------- ##
## Cache variables. ##
## ---------------- ##

ac_cv_c_compiler_gnu=yes
ac_cv_env_CC_set=
ac_cv_env_CC_value=
ac_cv_env_CFLAGS_set=
ac_cv_env_CFLAGS_value=
ac_cv_env_CPPFLAGS_set=
ac_cv_env_CPPFLAGS_value=
ac_cv_env_CPP_set=
ac_cv_env_CPP_value=
ac_cv_env_LDFLAGS_set=
ac_cv_env_LDFLAGS_value=
ac_cv_env_build_alias_set=
ac_cv_env_build_alias_value=
ac_cv_env_host_alias_set=
ac_cv_env_host_alias_value=
ac_cv_env_target_alias_set=
ac_cv_env_target_alias_value=
ac_cv_exeext=
ac_cv_header_ilcplex_cplex_h=yes
ac_cv_header_inttypes_h=yes
ac_cv_header_memory_h=yes
ac_cv_header_stdc=yes
ac_cv_header_stdint_h=yes
ac_cv_header_stdlib_h=yes
ac_cv_header_string_h=yes
ac_cv_header_strings_h=yes
ac_cv_header_sys_stat_h=yes
ac_cv_header_sys_types_h=yes
ac_cv_header_unistd_h=yes
ac_cv_objext=o
ac_cv_prog_AWK=gawk
ac_cv_prog_CPP='gcc -std=gnu99 -E'
ac_cv_prog_ac_ct_CC='gcc -std=gnu99'
ac_cv_prog_cc_g=yes
ac_cv_prog_cc_stdc=
ac_cv_prog_egrep='grep -E'
ac_cv_search_CPXversion='none required'

## ----------------- ##
## Output variables. ##
## ----------------- ##

AWK='gawk'
CC='gcc -std=gnu99'
CFLAGS='-g -O2 -fdebug-prefix-map=/build/r-base-QwogzP/r-base-4.1.1=. -fstack-protector-strong -Wformat -Werror=format-security -Wdate-time -D_FORTIFY_SOURCE=2 -g -m64 -fPIC'
CPLEX_BIN=''
CPP='gcc -std=gnu99 -E'
CPPFLAGS=' -I/opt/ibm/ILOG/CPLEX_Studio201/cplex/include'
DEFS='-DPACKAGE_NAME=\"Rcplex\" -DPACKAGE_TARNAME=\"rcplex\" -DPACKAGE_VERSION=\"0.3.2\" -DPACKAGE_STRING=\"Rcplex\ 0.3.2\" -DPACKAGE_BUGREPORT=\"\" -DSTDC_HEADERS=1 -DHAVE_SYS_TYPES_H=1 -DHAVE_SYS_STAT_H=1 -DHAVE_STDLIB_H=1 -DHAVE_STRING_H=1 -DHAVE_MEMORY_H=1 -DHAVE_STRINGS_H=1 -DHAVE_INTTYPES_H=1 -DHAVE_STDINT_H=1 -DHAVE_UNISTD_H=1 '
ECHO_C=''
ECHO_N='-n'
ECHO_T=''
EGREP='grep -E'
EXEEXT=''
LDFLAGS=''
LIBOBJS=''
LIBS='-L/opt/ibm/ILOG/CPLEX_Studio201/cplex/lib/x86-64_linux/static_pic -lcplex -lm -lpthread -ldl'
LTLIBOBJS=''
OBJEXT='o'
PACKAGE_BUGREPORT=''
PACKAGE_NAME='Rcplex'
PACKAGE_STRING='Rcplex 0.3.2'
PACKAGE_TARNAME='rcplex'
PACKAGE_VERSION='0.3.2'
PATH_SEPARATOR=':'
PKG_CFLAGS='-m64 -fPIC'
PKG_CPPFLAGS='-I/opt/ibm/ILOG/CPLEX_Studio201/cplex/include'
PKG_LIBS='-L/opt/ibm/ILOG/CPLEX_Studio201/cplex/lib/x86-64_linux/static_pic -lcplex -lm -lpthread -ldl'
SHELL='/bin/bash'
ac_ct_CC='gcc -std=gnu99'
bindir='${exec_prefix}/bin'
build_alias=''
datadir='${prefix}/share'
exec_prefix='${prefix}'
host_alias=''
includedir='${prefix}/include'
infodir='${prefix}/info'
libdir='${exec_prefix}/lib'
libexecdir='${exec_prefix}/libexec'
localstatedir='${prefix}/var'
mandir='${prefix}/man'
oldincludedir='/usr/include'
prefix='/usr/local'
program_transform_name='s,x,x,'
sbindir='${exec_prefix}/sbin'
sharedstatedir='${prefix}/com'
sysconfdir='${prefix}/etc'
target_alias=''

## ----------- ##
## confdefs.h. ##
## ----------- ##

#define HAVE_INTTYPES_H 1
#define HAVE_MEMORY_H 1
#define HAVE_STDINT_H 1
#define HAVE_STDLIB_H 1
#define HAVE_STRINGS_H 1
#define HAVE_STRING_H 1
#define HAVE_SYS_STAT_H 1
#define HAVE_SYS_TYPES_H 1
#define HAVE_UNISTD_H 1
#define PACKAGE_BUGREPORT ""
#define PACKAGE_NAME "Rcplex"
#define PACKAGE_STRING "Rcplex 0.3.2"
#define PACKAGE_TARNAME "rcplex"
#define PACKAGE_VERSION "0.3.2"
#define STDC_HEADERS 1

configure: exit 0
